[INFO][main][2017-06-05 15:30:31][org.springframework.test.context.support.AbstractTestContextBootstrapper] - Loaded default TestExecutionListener class names from location [META-INF/spring.factories]: [org.springframework.test.context.web.ServletTestExecutionListener, org.springframework.test.context.support.DirtiesContextBeforeModesTestExecutionListener, org.springframework.test.context.support.DependencyInjectionTestExecutionListener, org.springframework.test.context.support.DirtiesContextTestExecutionListener, org.springframework.test.context.transaction.TransactionalTestExecutionListener, org.springframework.test.context.jdbc.SqlScriptsTestExecutionListener]
[INFO][main][2017-06-05 15:30:32][org.springframework.test.context.support.AbstractTestContextBootstrapper] - Using TestExecutionListeners: [org.springframework.test.context.web.ServletTestExecutionListener@51081592, org.springframework.test.context.support.DirtiesContextBeforeModesTestExecutionListener@7f9a81e8, org.springframework.test.context.support.DependencyInjectionTestExecutionListener@9629756, org.springframework.test.context.support.DirtiesContextTestExecutionListener@62ee68d8, org.springframework.test.context.transaction.TransactionalTestExecutionListener@735b5592, org.springframework.test.context.jdbc.SqlScriptsTestExecutionListener@58651fd0]
[INFO][main][2017-06-05 15:30:32][org.springframework.beans.factory.xml.XmlBeanDefinitionReader] - Loading XML bean definitions from class path resource [spring.xml]
[INFO][main][2017-06-05 15:30:32][org.springframework.beans.factory.xml.XmlBeanDefinitionReader] - Loading XML bean definitions from class path resource [spring-mvc.xml]
[INFO][main][2017-06-05 15:30:33][org.springframework.beans.factory.xml.XmlBeanDefinitionReader] - Loading XML bean definitions from class path resource [spring-mybatis.xml]
[INFO][main][2017-06-05 15:30:35][org.springframework.context.support.AbstractApplicationContext] - Refreshing org.springframework.context.support.GenericApplicationContext@4f7d0008: startup date [Mon Jun 05 15:30:35 CST 2017]; root of context hierarchy
[INFO][main][2017-06-05 15:30:35][org.springframework.core.io.support.PropertiesLoaderSupport] - Loading properties file from class path resource [jdbc.properties]
[INFO][main][2017-06-05 15:30:35][org.springframework.beans.factory.annotation.AutowiredAnnotationBeanPostProcessor] - JSR-330 'javax.inject.Inject' annotation found and supported for autowiring
[INFO][main][2017-06-05 15:30:35][org.springframework.jdbc.datasource.DriverManagerDataSource] - Loaded JDBC driver: com.mysql.jdbc.Driver
[INFO][main][2017-06-05 15:30:36][org.springframework.web.servlet.handler.AbstractUrlHandlerMapping] - Mapped URL path [/image/**] onto handler 'org.springframework.web.servlet.resource.ResourceHttpRequestHandler#0'
[INFO][main][2017-06-05 15:30:36][org.springframework.web.servlet.handler.AbstractUrlHandlerMapping] - Mapped URL path [/fonts/**] onto handler 'org.springframework.web.servlet.resource.ResourceHttpRequestHandler#1'
[INFO][main][2017-06-05 15:30:36][org.springframework.web.servlet.handler.AbstractUrlHandlerMapping] - Mapped URL path [/css/**] onto handler 'org.springframework.web.servlet.resource.ResourceHttpRequestHandler#2'
[INFO][main][2017-06-05 15:30:36][org.springframework.web.servlet.handler.AbstractUrlHandlerMapping] - Mapped URL path [/js/**] onto handler 'org.springframework.web.servlet.resource.ResourceHttpRequestHandler#3'
[INFO][main][2017-06-05 15:30:36][org.springframework.web.servlet.handler.AbstractUrlHandlerMapping] - Mapped URL path [/**] onto handler 'org.springframework.web.servlet.resource.DefaultServletHttpRequestHandler#0'
[INFO][main][2017-06-05 15:30:36][org.springframework.web.servlet.handler.AbstractHandlerMethodMapping$MappingRegistry] - Mapped "{[/login],methods=[POST]}" onto public java.lang.String cn.sumi.controller.CommonController.login(javax.servlet.http.HttpServletRequest,cn.sumi.po.User)
[INFO][main][2017-06-05 15:30:36][org.springframework.web.servlet.handler.AbstractHandlerMethodMapping$MappingRegistry] - Mapped "{[/home]}" onto public java.lang.String cn.sumi.controller.CommonController.home(org.springframework.ui.Model)
[INFO][main][2017-06-05 15:30:36][org.springframework.web.servlet.handler.AbstractHandlerMethodMapping$MappingRegistry] - Mapped "{[/article/details/{articleId}]}" onto public java.lang.String cn.sumi.controller.CommonController.articleDetails(int,org.springframework.ui.Model)
[INFO][main][2017-06-05 15:30:36][org.springframework.web.servlet.handler.AbstractHandlerMethodMapping$MappingRegistry] - Mapped "{[/root/{account}/comment]}" onto public java.lang.String cn.sumi.controller.UserController.comment(org.springframework.ui.Model,java.lang.String)
[INFO][main][2017-06-05 15:30:36][org.springframework.web.servlet.handler.AbstractHandlerMethodMapping$MappingRegistry] - Mapped "{[/root/{account}/category]}" onto public java.lang.String cn.sumi.controller.UserController.category(org.springframework.ui.Model,java.lang.String)
[INFO][main][2017-06-05 15:30:36][org.springframework.web.servlet.handler.AbstractHandlerMethodMapping$MappingRegistry] - Mapped "{[/root/{account}/configure]}" onto public java.lang.String cn.sumi.controller.UserController.configure(java.lang.String)
[INFO][main][2017-06-05 15:30:36][org.springframework.web.servlet.handler.AbstractHandlerMethodMapping$MappingRegistry] - Mapped "{[/root/{account}/postlist]}" onto public java.lang.String cn.sumi.controller.UserController.manage(org.springframework.ui.Model,java.lang.String)
[INFO][main][2017-06-05 15:30:36][org.springframework.web.servlet.handler.AbstractHandlerMethodMapping$MappingRegistry] - Mapped "{[/root/{account}/draft]}" onto public java.lang.String cn.sumi.controller.UserController.draft(org.springframework.ui.Model,java.lang.String)
[INFO][main][2017-06-05 15:30:36][org.springframework.web.servlet.handler.AbstractHandlerMethodMapping$MappingRegistry] - Mapped "{[/root/{account}/postedit]}" onto public java.lang.String cn.sumi.controller.UserController.postedit(org.springframework.ui.Model,java.lang.String)
[INFO][main][2017-06-05 15:30:36][org.springframework.web.servlet.handler.AbstractHandlerMethodMapping$MappingRegistry] - Mapped "{[/root/{account}/deleted]}" onto public java.lang.String cn.sumi.controller.UserController.deleted(org.springframework.ui.Model,java.lang.String)
[INFO][main][2017-06-05 15:30:36][org.springframework.web.servlet.handler.AbstractHandlerMethodMapping$MappingRegistry] - Mapped "{[/root/{account}/article/upload]}" onto public void cn.sumi.controller.ArticleController.upload(javax.servlet.http.HttpServletRequest,javax.servlet.http.HttpServletResponse) throws java.lang.Exception
[INFO][main][2017-06-05 15:30:36][org.springframework.web.servlet.handler.AbstractHandlerMethodMapping$MappingRegistry] - Mapped "{[/root/{account}/article/postedit]}" onto public java.lang.String cn.sumi.controller.ArticleController.newArticle(java.lang.String,org.springframework.ui.Model)
[INFO][main][2017-06-05 15:30:36][org.springframework.web.servlet.handler.AbstractHandlerMethodMapping$MappingRegistry] - Mapped "{[/root/{account}/article/add]}" onto public java.lang.String cn.sumi.controller.ArticleController.add(java.lang.String,cn.sumi.po.Article)
[INFO][main][2017-06-05 15:30:36][org.springframework.web.servlet.handler.AbstractHandlerMethodMapping$MappingRegistry] - Mapped "{[/root/{account}/article/delete/{aid}]}" onto public java.lang.String cn.sumi.controller.ArticleController.delete(int)
[INFO][main][2017-06-05 15:30:37][org.springframework.web.servlet.mvc.method.annotation.RequestMappingHandlerAdapter] - Looking for @ControllerAdvice: org.springframework.context.support.GenericApplicationContext@4f7d0008: startup date [Mon Jun 05 15:30:35 CST 2017]; root of context hierarchy
[INFO][main][2017-06-05 15:30:37][org.springframework.web.servlet.mvc.method.annotation.RequestMappingHandlerAdapter] - Looking for @ControllerAdvice: org.springframework.context.support.GenericApplicationContext@4f7d0008: startup date [Mon Jun 05 15:30:35 CST 2017]; root of context hierarchy
[DEBUG][main][2017-06-05 15:30:37][org.apache.ibatis.logging.jdbc.BaseJdbcLogger] - ==>  Preparing: select account, passwd, nickname, email from usr where account = ? 
[DEBUG][main][2017-06-05 15:30:37][org.apache.ibatis.logging.jdbc.BaseJdbcLogger] - ==> Parameters: admin(String)
[DEBUG][main][2017-06-05 15:30:37][org.apache.ibatis.logging.jdbc.BaseJdbcLogger] - <==      Total: 0
[DEBUG][main][2017-06-05 15:30:38][org.apache.ibatis.logging.jdbc.BaseJdbcLogger] - ==>  Preparing: insert into usr (account, passwd, nickname, email) values (?, ?, ?, ?) 
[DEBUG][main][2017-06-05 15:30:38][org.apache.ibatis.logging.jdbc.BaseJdbcLogger] - ==> Parameters: admin(String), 123(String), admin(String), test@gmail.com(String)
[DEBUG][main][2017-06-05 15:30:38][org.apache.ibatis.logging.jdbc.BaseJdbcLogger] - <==    Updates: 1
[DEBUG][main][2017-06-05 15:30:38][org.apache.ibatis.logging.jdbc.BaseJdbcLogger] - ==>  Preparing: insert into blogconfigure (account, title, signature ) values (?, ?, ? ) 
[DEBUG][main][2017-06-05 15:30:38][org.apache.ibatis.logging.jdbc.BaseJdbcLogger] - ==> Parameters: admin(String), Admin(String), my simple blog(String)
[DEBUG][main][2017-06-05 15:30:38][org.apache.ibatis.logging.jdbc.BaseJdbcLogger] - <==    Updates: 1
[INFO][Thread-0][2017-06-05 15:30:38][org.springframework.context.support.AbstractApplicationContext] - Closing org.springframework.context.support.GenericApplicationContext@4f7d0008: startup date [Mon Jun 05 15:30:35 CST 2017]; root of context hierarchy
